app/build/outputs/logs/manifest-merger-debug-report.txt
-- Merging decision tree log ---
manifest
ADDED from src\main\AndroidManifest.xml:2:1-13:12
	package
		ADDED from src\main\AndroidManifest.xml:3:5-44
		INJECTED from src\main\AndroidManifest.xml
		INJECTED from src\main\AndroidManifest.xml
	android:versionName
		INJECTED from src\main\AndroidManifest.xml
		INJECTED from src\main\AndroidManifest.xml
	xmlns:android
		ADDED from src\main\AndroidManifest.xml:2:11-69
	android:versionCode
		INJECTED from src\main\AndroidManifest.xml
		INJECTED from src\main\AndroidManifest.xml
application
ADDED from src\main\AndroidManifest.xml:4:5-11:19
	android:label
		ADDED from src\main\AndroidManifest.xml:6:9-41
	android:icon
		ADDED from src\main\AndroidManifest.xml:5:9-38
provider#com.android.provider.wfdmcode.WfdmcodeProvider
ADDED from src\main\AndroidManifest.xml:7:9-10:39
	android:authorities
		ADDED from src\main\AndroidManifest.xml:9:13-64
	android:exported
		ADDED from src\main\AndroidManifest.xml:10:13-36
	android:name
		ADDED from src\main\AndroidManifest.xml:8:13-44
uses-sdk
INJECTED from src\main\AndroidManifest.xml reason: use-sdk injection requested
	android:targetSdkVersion
		INJECTED from src\main\AndroidManifest.xml
		INJECTED from src\main\AndroidManifest.xml
	android:minSdkVersion
		INJECTED from src\main\AndroidManifest.xml
		INJECTED from src\main\AndroidManifest.xml